2021-03-25 23:22:20,918 INFO org.springframework.boot.StartupInfoLogger [main] Starting SareetaApplicationTests on CACDTL17JK9142 with PID 27828 (started by cw457c in C:\Users\cw457c\Desktop\project4\nd035-c4-Security-and-DevOps\starter_code)
2021-03-25 23:22:20,934 INFO org.springframework.boot.SpringApplication [main] No active profile set, falling back to default profiles: default
2021-03-25 23:22:25,064 INFO org.springframework.data.repository.config.RepositoryConfigurationDelegate [main] Bootstrapping Spring Data repositories in DEFAULT mode.
2021-03-25 23:22:25,480 INFO org.springframework.data.repository.config.RepositoryConfigurationDelegate [main] Finished Spring Data repository scanning in 368ms. Found 4 repository interfaces.
2021-03-25 23:22:27,653 INFO org.springframework.context.support.PostProcessorRegistrationDelegate$BeanPostProcessorChecker [main] Bean 'org.springframework.transaction.annotation.ProxyTransactionManagementConfiguration' of type [org.springframework.transaction.annotation.ProxyTransactionManagementConfiguration$$EnhancerBySpringCGLIB$$f350bb86] is not eligible for getting processed by all BeanPostProcessors (for example: not eligible for auto-proxying)
2021-03-25 23:22:28,785 INFO com.zaxxer.hikari.HikariDataSource [main] HikariPool-1 - Starting...
2021-03-25 23:22:29,614 INFO com.zaxxer.hikari.HikariDataSource [main] HikariPool-1 - Start completed.
2021-03-25 23:22:30,039 INFO org.hibernate.jpa.internal.util.LogHelper [main] HHH000204: Processing PersistenceUnitInfo [
	name: default
	...]
2021-03-25 23:22:30,429 INFO org.hibernate.Version [main] HHH000412: Hibernate Core {5.3.10.Final}
2021-03-25 23:22:30,438 INFO org.hibernate.cfg.Environment [main] HHH000206: hibernate.properties not found
2021-03-25 23:22:31,020 INFO org.hibernate.annotations.common.reflection.java.JavaReflectionManager [main] HCANN000001: Hibernate Commons Annotations {5.0.4.Final}
2021-03-25 23:22:31,821 INFO org.hibernate.dialect.Dialect [main] HHH000400: Using dialect: org.hibernate.dialect.H2Dialect
2021-03-25 23:22:34,264 INFO org.springframework.orm.jpa.AbstractEntityManagerFactoryBean [main] Initialized JPA EntityManagerFactory for persistence unit 'default'
2021-03-25 23:22:38,041 WARN org.springframework.boot.autoconfigure.orm.jpa.JpaBaseConfiguration$JpaWebConfiguration$JpaWebMvcConfiguration [main] spring.jpa.open-in-view is enabled by default. Therefore, database queries may be performed during view rendering. Explicitly configure spring.jpa.open-in-view to disable this warning
2021-03-25 23:22:38,718 INFO org.springframework.security.web.DefaultSecurityFilterChain [main] Creating filter chain: any request, [org.springframework.security.web.context.request.async.WebAsyncManagerIntegrationFilter@44dcc0e4, org.springframework.security.web.context.SecurityContextPersistenceFilter@e4348c0, org.springframework.security.web.header.HeaderWriterFilter@3f71ae7f, org.springframework.web.filter.CorsFilter@2114eb1a, org.springframework.security.web.authentication.logout.LogoutFilter@5f65e0c0, com.example.demo.security.JWTAuthenticationFilter@7e514482, com.example.demo.security.JWTAuthenticationVerficationFilter@1e5e3147, org.springframework.security.web.savedrequest.RequestCacheAwareFilter@5a99543b, org.springframework.security.web.servletapi.SecurityContextHolderAwareRequestFilter@2e64ae1a, org.springframework.security.web.authentication.AnonymousAuthenticationFilter@3c271988, org.springframework.security.web.session.SessionManagementFilter@d1d85d0, org.springframework.security.web.access.ExceptionTranslationFilter@1ab502f6, org.springframework.security.web.access.intercept.FilterSecurityInterceptor@1dd9a3ae]
2021-03-25 23:22:40,979 INFO org.springframework.scheduling.concurrent.ExecutorConfigurationSupport [main] Initializing ExecutorService 'applicationTaskExecutor'
2021-03-25 23:22:42,595 INFO org.springframework.boot.StartupInfoLogger [main] Started SareetaApplicationTests in 23.855 seconds (JVM running for 31.403)
2021-03-25 23:22:43,719 INFO com.example.demo.controllers.CartController [main] CartController -- addTocart function -- Adding modifications to cart for user ModifyCartRequest(username=test, itemId=0, quantity=1)
2021-03-25 23:22:43,756 INFO com.example.demo.controllers.CartController [main] CartController: Modifications added to cart successfully for user test
2021-03-25 23:22:43,767 INFO com.example.demo.controllers.CartController [main] CartController -> removeFromcart is called: Removing modifications from cart for user test
2021-03-25 23:22:43,771 INFO com.example.demo.controllers.CartController [main] CartController -> removeFromcart, Modifications removed from cart successfully for user test
2021-03-25 23:22:43,773 INFO com.example.demo.controllers.CartController [main] CartController -> removeFromcart is called: Removing modifications from cart for user wrong
2021-03-25 23:22:43,774 ERROR com.example.demo.controllers.CartController [main] CartController -> removeFromcart, User wrong not found. Cannot remove modifications.
2021-03-25 23:22:43,776 INFO com.example.demo.controllers.CartController [main] CartController -- addTocart function -- Adding modifications to cart for user ModifyCartRequest(username=wrong, itemId=0, quantity=1)
2021-03-25 23:22:43,777 ERROR com.example.demo.controllers.CartController [main] CartController User wrong not found -- addTocart function . Cannot add modifications.
2021-03-25 23:22:43,778 INFO com.example.demo.controllers.CartController [main] CartController -> removeFromcart is called: Removing modifications from cart for user test
2021-03-25 23:22:43,779 ERROR com.example.demo.controllers.CartController [main] CartController-> removeFromcart: item is null
2021-03-25 23:22:43,781 INFO com.example.demo.controllers.CartController [main] CartController -- addTocart function -- Adding modifications to cart for user ModifyCartRequest(username=test, itemId=2, quantity=1)
2021-03-25 23:22:43,782 ERROR com.example.demo.controllers.CartController [main] CartController:  Item 2 not found -- addTocart function. Cannot add modifications.
2021-03-25 23:22:43,783 INFO com.example.demo.controllers.CartController [main] CartController -> removeFromcart is called: Removing modifications from cart for user test
2021-03-25 23:22:43,784 ERROR com.example.demo.controllers.CartController [main] CartController-> removeFromcart: item is null
2021-03-25 23:22:43,790 INFO com.example.demo.controllers.CartController [main] CartController -- addTocart function -- Adding modifications to cart for user ModifyCartRequest(username=test, itemId=0, quantity=1)
2021-03-25 23:22:43,792 INFO com.example.demo.controllers.CartController [main] CartController: Modifications added to cart successfully for user test
2021-03-25 23:22:43,795 INFO com.example.demo.controllers.ItemController [main] ItemController -> getItems method is called
2021-03-25 23:22:43,800 INFO com.example.demo.controllers.ItemController [main] ItemController -> getItemById method is called: 0
2021-03-25 23:22:43,948 INFO com.example.demo.controllers.OrderController [main] OrderController -> submit method is called: 
2021-03-25 23:22:43,949 ERROR com.example.demo.controllers.OrderController [main] OrderController -> submit: user is null
2021-03-25 23:22:43,955 INFO com.example.demo.controllers.OrderController [main] OrderController -> getOrdersForUser method is called: 
2021-03-25 23:22:43,958 ERROR com.example.demo.controllers.OrderController [main] OrderController -> submit: user is null
2021-03-25 23:22:43,960 INFO com.example.demo.controllers.OrderController [main] OrderController -> getOrdersForUser method is called: 
2021-03-25 23:22:43,961 INFO com.example.demo.controllers.OrderController [main] OrderController -> display username order history successful test
2021-03-25 23:22:43,965 INFO com.example.demo.controllers.OrderController [main] OrderController -> submit method is called: 
2021-03-25 23:22:43,968 INFO com.example.demo.controllers.OrderController [main] OrderController -> submit successful
2021-03-25 23:22:44,056 INFO com.example.demo.controllers.UserController [main] UserController -> createUser method is called: CreateUserRequest(username=test, password=testPassword, confirmPassword=testPassword)
2021-03-25 23:22:44,059 INFO com.example.demo.controllers.UserController [main] UserController -> createUser successful: test
2021-03-25 23:22:44,060 INFO com.example.demo.controllers.UserController [main] UserController -> findById method is called: 0
2021-03-25 23:22:44,063 INFO com.example.demo.controllers.UserController [main] UserController -> findById method is called: 1
2021-03-25 23:22:44,065 INFO com.example.demo.controllers.UserController [main] UserController -> createUser method is called: CreateUserRequest(username=test, password=1234567, confirmPassword=testPassword)
2021-03-25 23:22:44,071 INFO com.example.demo.controllers.UserController [main] UserController -> createUser method is called: CreateUserRequest(username=test, password=testPassword, confirmPassword=testPassword)
2021-03-25 23:22:44,072 INFO com.example.demo.controllers.UserController [main] UserController -> createUser successful: test
2021-03-25 23:22:44,077 INFO com.example.demo.controllers.UserController [main] UserController -> createUser method is called: CreateUserRequest(username=test, password=testPassword, confirmPassword=testPassword)
2021-03-25 23:22:44,079 INFO com.example.demo.controllers.UserController [main] UserController -> createUser successful: test
2021-03-25 23:22:44,081 INFO com.example.demo.controllers.UserController [main] UserController -> findByUserName method is called: 
2021-03-25 23:22:44,082 INFO com.example.demo.controllers.UserController [main] UserController -> createUser method is called: CreateUserRequest(username=test, password=123456, confirmPassword=testPassword)
2021-03-25 23:22:44,183 INFO org.springframework.boot.StartupInfoLogger [main] Starting UserControllerTests on CACDTL17JK9142 with PID 27828 (started by cw457c in C:\Users\cw457c\Desktop\project4\nd035-c4-Security-and-DevOps\starter_code)
2021-03-25 23:22:44,185 INFO org.springframework.boot.SpringApplication [main] No active profile set, falling back to default profiles: default
2021-03-25 23:22:45,001 INFO org.springframework.data.repository.config.RepositoryConfigurationDelegate [main] Bootstrapping Spring Data repositories in DEFAULT mode.
2021-03-25 23:22:45,070 INFO org.springframework.data.repository.config.RepositoryConfigurationDelegate [main] Finished Spring Data repository scanning in 68ms. Found 4 repository interfaces.
2021-03-25 23:22:45,690 INFO org.springframework.context.support.PostProcessorRegistrationDelegate$BeanPostProcessorChecker [main] Bean 'org.springframework.transaction.annotation.ProxyTransactionManagementConfiguration' of type [org.springframework.transaction.annotation.ProxyTransactionManagementConfiguration$$EnhancerBySpringCGLIB$$f350bb86] is not eligible for getting processed by all BeanPostProcessors (for example: not eligible for auto-proxying)
2021-03-25 23:22:46,241 INFO com.zaxxer.hikari.HikariDataSource [main] HikariPool-2 - Starting...
2021-03-25 23:22:46,245 INFO com.zaxxer.hikari.HikariDataSource [main] HikariPool-2 - Start completed.
2021-03-25 23:22:46,380 INFO org.hibernate.jpa.internal.util.LogHelper [main] HHH000204: Processing PersistenceUnitInfo [
	name: default
	...]
2021-03-25 23:22:46,479 INFO org.hibernate.dialect.Dialect [main] HHH000400: Using dialect: org.hibernate.dialect.H2Dialect
2021-03-25 23:22:47,505 INFO org.springframework.orm.jpa.AbstractEntityManagerFactoryBean [main] Initialized JPA EntityManagerFactory for persistence unit 'default'
2021-03-25 23:22:48,873 WARN org.springframework.boot.autoconfigure.orm.jpa.JpaBaseConfiguration$JpaWebConfiguration$JpaWebMvcConfiguration [main] spring.jpa.open-in-view is enabled by default. Therefore, database queries may be performed during view rendering. Explicitly configure spring.jpa.open-in-view to disable this warning
2021-03-25 23:22:49,168 INFO org.springframework.security.web.DefaultSecurityFilterChain [main] Creating filter chain: any request, [org.springframework.security.web.context.request.async.WebAsyncManagerIntegrationFilter@1da5635e, org.springframework.security.web.context.SecurityContextPersistenceFilter@16718e1b, org.springframework.security.web.header.HeaderWriterFilter@78de0f6f, org.springframework.web.filter.CorsFilter@7c35d7d, org.springframework.security.web.authentication.logout.LogoutFilter@1fd73dcb, com.example.demo.security.JWTAuthenticationFilter@24ccc91b, com.example.demo.security.JWTAuthenticationVerficationFilter@d0538b3, org.springframework.security.web.savedrequest.RequestCacheAwareFilter@7fb313e3, org.springframework.security.web.servletapi.SecurityContextHolderAwareRequestFilter@771ede0d, org.springframework.security.web.authentication.AnonymousAuthenticationFilter@3b8c15de, org.springframework.security.web.session.SessionManagementFilter@588614f9, org.springframework.security.web.access.ExceptionTranslationFilter@140fa482, org.springframework.security.web.access.intercept.FilterSecurityInterceptor@60493524]
2021-03-25 23:22:50,582 INFO org.springframework.scheduling.concurrent.ExecutorConfigurationSupport [main] Initializing ExecutorService 'applicationTaskExecutor'
2021-03-25 23:22:52,173 INFO org.springframework.mock.web.MockServletContext [main] Initializing Spring TestDispatcherServlet ''
2021-03-25 23:22:52,174 INFO org.springframework.web.servlet.FrameworkServlet [main] Initializing Servlet ''
2021-03-25 23:22:52,197 INFO org.springframework.web.servlet.FrameworkServlet [main] Completed initialization in 23 ms
2021-03-25 23:22:52,245 INFO org.springframework.boot.StartupInfoLogger [main] Started UserControllerTests in 8.152 seconds (JVM running for 41.053)
2021-03-25 23:22:52,794 INFO com.example.demo.controllers.UserController [main] UserController -> createUser method is called: CreateUserRequest(username=test, password=testPassword, confirmPassword=testPassword)
2021-03-25 23:22:53,195 INFO com.example.demo.controllers.UserController [main] UserController -> createUser successful: test
2021-03-25 23:22:53,269 INFO org.springframework.scheduling.concurrent.ExecutorConfigurationSupport [Thread-4] Shutting down ExecutorService 'applicationTaskExecutor'
2021-03-25 23:22:53,270 INFO org.springframework.scheduling.concurrent.ExecutorConfigurationSupport [Thread-7] Shutting down ExecutorService 'applicationTaskExecutor'
2021-03-25 23:22:53,274 INFO org.springframework.orm.jpa.AbstractEntityManagerFactoryBean [Thread-7] Closing JPA EntityManagerFactory for persistence unit 'default'
2021-03-25 23:22:53,278 INFO org.springframework.orm.jpa.AbstractEntityManagerFactoryBean [Thread-4] Closing JPA EntityManagerFactory for persistence unit 'default'
2021-03-25 23:22:53,280 INFO com.zaxxer.hikari.HikariDataSource [Thread-7] HikariPool-2 - Shutdown initiated...
2021-03-25 23:22:53,280 INFO com.zaxxer.hikari.HikariDataSource [Thread-4] HikariPool-1 - Shutdown initiated...
2021-03-25 23:22:53,293 INFO com.zaxxer.hikari.HikariDataSource [Thread-4] HikariPool-1 - Shutdown completed.
2021-03-25 23:22:53,297 INFO com.zaxxer.hikari.HikariDataSource [Thread-7] HikariPool-2 - Shutdown completed.
2021-03-25 23:23:37,501 INFO org.springframework.boot.StartupInfoLogger [main] Starting SareetaApplication on CACDTL17JK9142 with PID 25768 (C:\Users\cw457c\Desktop\project4\nd035-c4-Security-and-DevOps\starter_code\target\classes started by cw457c in C:\Users\cw457c\Desktop\project4\nd035-c4-Security-and-DevOps\starter_code)
2021-03-25 23:23:37,540 INFO org.springframework.boot.SpringApplication [main] No active profile set, falling back to default profiles: default
2021-03-25 23:23:40,815 INFO org.springframework.data.repository.config.RepositoryConfigurationDelegate [main] Bootstrapping Spring Data repositories in DEFAULT mode.
2021-03-25 23:23:41,141 INFO org.springframework.data.repository.config.RepositoryConfigurationDelegate [main] Finished Spring Data repository scanning in 269ms. Found 4 repository interfaces.
2021-03-25 23:23:43,081 INFO org.springframework.context.support.PostProcessorRegistrationDelegate$BeanPostProcessorChecker [main] Bean 'org.springframework.transaction.annotation.ProxyTransactionManagementConfiguration' of type [org.springframework.transaction.annotation.ProxyTransactionManagementConfiguration$$EnhancerBySpringCGLIB$$ccd9e621] is not eligible for getting processed by all BeanPostProcessors (for example: not eligible for auto-proxying)
2021-03-25 23:23:44,385 INFO org.springframework.boot.web.embedded.tomcat.TomcatWebServer [main] Tomcat initialized with port(s): 8080 (http)
2021-03-25 23:23:44,451 INFO org.apache.juli.logging.DirectJDKLog [main] Initializing ProtocolHandler ["http-nio-8080"]
2021-03-25 23:23:44,482 INFO org.apache.juli.logging.DirectJDKLog [main] Starting service [Tomcat]
2021-03-25 23:23:44,483 INFO org.apache.juli.logging.DirectJDKLog [main] Starting Servlet engine: [Apache Tomcat/9.0.19]
2021-03-25 23:23:45,193 INFO org.apache.juli.logging.DirectJDKLog [main] Initializing Spring embedded WebApplicationContext
2021-03-25 23:23:45,195 INFO org.springframework.boot.web.servlet.context.ServletWebServerApplicationContext [main] Root WebApplicationContext: initialization completed in 7092 ms
2021-03-25 23:23:45,891 INFO com.zaxxer.hikari.HikariDataSource [main] HikariPool-1 - Starting...
2021-03-25 23:23:46,581 INFO com.zaxxer.hikari.HikariDataSource [main] HikariPool-1 - Start completed.
2021-03-25 23:23:46,800 INFO org.hibernate.jpa.internal.util.LogHelper [main] HHH000204: Processing PersistenceUnitInfo [
	name: default
	...]
2021-03-25 23:23:47,068 INFO org.hibernate.Version [main] HHH000412: Hibernate Core {5.3.10.Final}
2021-03-25 23:23:47,077 INFO org.hibernate.cfg.Environment [main] HHH000206: hibernate.properties not found
2021-03-25 23:23:47,613 INFO org.hibernate.annotations.common.reflection.java.JavaReflectionManager [main] HCANN000001: Hibernate Commons Annotations {5.0.4.Final}
2021-03-25 23:23:48,450 INFO org.hibernate.dialect.Dialect [main] HHH000400: Using dialect: org.hibernate.dialect.H2Dialect
2021-03-25 23:23:51,551 INFO org.springframework.orm.jpa.AbstractEntityManagerFactoryBean [main] Initialized JPA EntityManagerFactory for persistence unit 'default'
2021-03-25 23:23:54,863 WARN org.springframework.boot.autoconfigure.orm.jpa.JpaBaseConfiguration$JpaWebConfiguration$JpaWebMvcConfiguration [main] spring.jpa.open-in-view is enabled by default. Therefore, database queries may be performed during view rendering. Explicitly configure spring.jpa.open-in-view to disable this warning
2021-03-25 23:23:55,181 INFO org.springframework.security.web.DefaultSecurityFilterChain [main] Creating filter chain: any request, [org.springframework.security.web.context.request.async.WebAsyncManagerIntegrationFilter@7ef7f414, org.springframework.security.web.context.SecurityContextPersistenceFilter@79349b61, org.springframework.security.web.header.HeaderWriterFilter@1aaf73b7, org.springframework.web.filter.CorsFilter@182dcd2b, org.springframework.security.web.authentication.logout.LogoutFilter@6c737fdb, com.example.demo.security.JWTAuthenticationFilter@4c3d72fd, com.example.demo.security.JWTAuthenticationVerficationFilter@259c6ab8, org.springframework.security.web.savedrequest.RequestCacheAwareFilter@1e36baca, org.springframework.security.web.servletapi.SecurityContextHolderAwareRequestFilter@54033a65, org.springframework.security.web.authentication.AnonymousAuthenticationFilter@640a6d4b, org.springframework.security.web.session.SessionManagementFilter@5e0442dd, org.springframework.security.web.access.ExceptionTranslationFilter@4b5cdd07, org.springframework.security.web.access.intercept.FilterSecurityInterceptor@73c09a98]
2021-03-25 23:23:55,780 INFO org.springframework.scheduling.concurrent.ExecutorConfigurationSupport [main] Initializing ExecutorService 'applicationTaskExecutor'
2021-03-25 23:23:56,495 INFO org.apache.juli.logging.DirectJDKLog [main] Starting ProtocolHandler ["http-nio-8080"]
2021-03-25 23:23:56,549 ERROR org.apache.juli.logging.DirectJDKLog [main] Failed to start component [Connector[HTTP/1.1-8080]]
org.apache.catalina.LifecycleException: Protocol handler start failed
	at org.apache.catalina.connector.Connector.startInternal(Connector.java:1008)
	at org.apache.catalina.util.LifecycleBase.start(LifecycleBase.java:183)
	at org.apache.catalina.core.StandardService.addConnector(StandardService.java:226)
	at org.springframework.boot.web.embedded.tomcat.TomcatWebServer.addPreviouslyRemovedConnectors(TomcatWebServer.java:259)
	at org.springframework.boot.web.embedded.tomcat.TomcatWebServer.start(TomcatWebServer.java:197)
	at org.springframework.boot.web.servlet.context.ServletWebServerApplicationContext.startWebServer(ServletWebServerApplicationContext.java:311)
	at org.springframework.boot.web.servlet.context.ServletWebServerApplicationContext.finishRefresh(ServletWebServerApplicationContext.java:164)
	at org.springframework.context.support.AbstractApplicationContext.refresh(AbstractApplicationContext.java:552)
	at org.springframework.boot.web.servlet.context.ServletWebServerApplicationContext.refresh(ServletWebServerApplicationContext.java:142)
	at org.springframework.boot.SpringApplication.refresh(SpringApplication.java:775)
	at org.springframework.boot.SpringApplication.refreshContext(SpringApplication.java:397)
	at org.springframework.boot.SpringApplication.run(SpringApplication.java:316)
	at org.springframework.boot.SpringApplication.run(SpringApplication.java:1260)
	at org.springframework.boot.SpringApplication.run(SpringApplication.java:1248)
	at com.example.demo.SareetaApplication.main(SareetaApplication.java:22)
Caused by: java.net.BindException: Address already in use: bind
	at java.base/sun.nio.ch.Net.bind0(Native Method)
	at java.base/sun.nio.ch.Net.bind(Net.java:550)
	at java.base/sun.nio.ch.ServerSocketChannelImpl.bind(ServerSocketChannelImpl.java:249)
	at java.base/sun.nio.ch.ServerSocketAdaptor.bind(ServerSocketAdaptor.java:88)
	at org.apache.tomcat.util.net.NioEndpoint.initServerSocket(NioEndpoint.java:239)
	at org.apache.tomcat.util.net.NioEndpoint.bind(NioEndpoint.java:213)
	at org.apache.tomcat.util.net.AbstractEndpoint.bindWithCleanup(AbstractEndpoint.java:1116)
	at org.apache.tomcat.util.net.AbstractEndpoint.start(AbstractEndpoint.java:1202)
	at org.apache.coyote.AbstractProtocol.start(AbstractProtocol.java:568)
	at org.apache.catalina.connector.Connector.startInternal(Connector.java:1005)
	... 14 common frames omitted
2021-03-25 23:23:56,591 INFO org.apache.juli.logging.DirectJDKLog [main] Pausing ProtocolHandler ["http-nio-8080"]
2021-03-25 23:23:56,593 INFO org.apache.juli.logging.DirectJDKLog [main] Stopping service [Tomcat]
2021-03-25 23:23:56,600 WARN org.apache.juli.logging.DirectJDKLog [main] The web application [ROOT] appears to have started a thread named [HikariPool-1 housekeeper] but has failed to stop it. This is very likely to create a memory leak. Stack trace of thread:
 java.base@15.0.2/jdk.internal.misc.Unsafe.park(Native Method)
 java.base@15.0.2/java.util.concurrent.locks.LockSupport.parkNanos(LockSupport.java:252)
 java.base@15.0.2/java.util.concurrent.locks.AbstractQueuedSynchronizer$ConditionObject.awaitNanos(AbstractQueuedSynchronizer.java:1661)
 java.base@15.0.2/java.util.concurrent.ScheduledThreadPoolExecutor$DelayedWorkQueue.take(ScheduledThreadPoolExecutor.java:1182)
 java.base@15.0.2/java.util.concurrent.ScheduledThreadPoolExecutor$DelayedWorkQueue.take(ScheduledThreadPoolExecutor.java:899)
 java.base@15.0.2/java.util.concurrent.ThreadPoolExecutor.getTask(ThreadPoolExecutor.java:1056)
 java.base@15.0.2/java.util.concurrent.ThreadPoolExecutor.runWorker(ThreadPoolExecutor.java:1116)
 java.base@15.0.2/java.util.concurrent.ThreadPoolExecutor$Worker.run(ThreadPoolExecutor.java:630)
 java.base@15.0.2/java.lang.Thread.run(Thread.java:832)
2021-03-25 23:23:56,606 INFO org.apache.juli.logging.DirectJDKLog [main] The stop() method was called on component [StandardServer[-1]] after stop() had already been called. The second call will be ignored.
2021-03-25 23:23:56,607 INFO org.apache.juli.logging.DirectJDKLog [main] Stopping ProtocolHandler ["http-nio-8080"]
2021-03-25 23:23:56,608 INFO org.apache.juli.logging.DirectJDKLog [main] Destroying ProtocolHandler ["http-nio-8080"]
2021-03-25 23:23:56,613 INFO org.springframework.boot.autoconfigure.logging.ConditionEvaluationReportLoggingListener [main] 

Error starting ApplicationContext. To display the conditions report re-run your application with 'debug' enabled.
2021-03-25 23:23:56,617 ERROR org.springframework.boot.diagnostics.LoggingFailureAnalysisReporter [main] 

***************************
APPLICATION FAILED TO START
***************************

Description:

The Tomcat connector configured to listen on port 8080 failed to start. The port may already be in use or the connector may be misconfigured.

Action:

Verify the connector's configuration, identify and stop any process that's listening on port 8080, or configure this application to listen on another port.

2021-03-25 23:23:56,643 INFO org.springframework.scheduling.concurrent.ExecutorConfigurationSupport [main] Shutting down ExecutorService 'applicationTaskExecutor'
2021-03-25 23:23:56,651 INFO org.springframework.orm.jpa.AbstractEntityManagerFactoryBean [main] Closing JPA EntityManagerFactory for persistence unit 'default'
2021-03-25 23:23:56,684 INFO com.zaxxer.hikari.HikariDataSource [main] HikariPool-1 - Shutdown initiated...
2021-03-25 23:23:56,714 INFO com.zaxxer.hikari.HikariDataSource [main] HikariPool-1 - Shutdown completed.
2021-03-25 23:25:22,308 INFO org.springframework.boot.StartupInfoLogger [main] Starting SareetaApplication on CACDTL17JK9142 with PID 9976 (C:\Users\cw457c\Desktop\project4\nd035-c4-Security-and-DevOps\starter_code\target\classes started by cw457c in C:\Users\cw457c\Desktop\project4\nd035-c4-Security-and-DevOps\starter_code)
2021-03-25 23:25:22,342 INFO org.springframework.boot.SpringApplication [main] No active profile set, falling back to default profiles: default
2021-03-25 23:25:26,525 INFO org.springframework.data.repository.config.RepositoryConfigurationDelegate [main] Bootstrapping Spring Data repositories in DEFAULT mode.
2021-03-25 23:25:26,866 INFO org.springframework.data.repository.config.RepositoryConfigurationDelegate [main] Finished Spring Data repository scanning in 293ms. Found 4 repository interfaces.
2021-03-25 23:25:28,780 INFO org.springframework.context.support.PostProcessorRegistrationDelegate$BeanPostProcessorChecker [main] Bean 'org.springframework.transaction.annotation.ProxyTransactionManagementConfiguration' of type [org.springframework.transaction.annotation.ProxyTransactionManagementConfiguration$$EnhancerBySpringCGLIB$$58c094] is not eligible for getting processed by all BeanPostProcessors (for example: not eligible for auto-proxying)
2021-03-25 23:25:30,312 INFO org.springframework.boot.web.embedded.tomcat.TomcatWebServer [main] Tomcat initialized with port(s): 8080 (http)
2021-03-25 23:25:30,379 INFO org.apache.juli.logging.DirectJDKLog [main] Initializing ProtocolHandler ["http-nio-8080"]
2021-03-25 23:25:30,442 INFO org.apache.juli.logging.DirectJDKLog [main] Starting service [Tomcat]
2021-03-25 23:25:30,443 INFO org.apache.juli.logging.DirectJDKLog [main] Starting Servlet engine: [Apache Tomcat/9.0.19]
2021-03-25 23:25:31,251 INFO org.apache.juli.logging.DirectJDKLog [main] Initializing Spring embedded WebApplicationContext
2021-03-25 23:25:31,254 INFO org.springframework.boot.web.servlet.context.ServletWebServerApplicationContext [main] Root WebApplicationContext: initialization completed in 8639 ms
2021-03-25 23:25:31,963 INFO com.zaxxer.hikari.HikariDataSource [main] HikariPool-1 - Starting...
2021-03-25 23:25:32,538 INFO com.zaxxer.hikari.HikariDataSource [main] HikariPool-1 - Start completed.
2021-03-25 23:25:32,712 INFO org.hibernate.jpa.internal.util.LogHelper [main] HHH000204: Processing PersistenceUnitInfo [
	name: default
	...]
2021-03-25 23:25:32,907 INFO org.hibernate.Version [main] HHH000412: Hibernate Core {5.3.10.Final}
2021-03-25 23:25:32,912 INFO org.hibernate.cfg.Environment [main] HHH000206: hibernate.properties not found
2021-03-25 23:25:33,575 INFO org.hibernate.annotations.common.reflection.java.JavaReflectionManager [main] HCANN000001: Hibernate Commons Annotations {5.0.4.Final}
2021-03-25 23:25:34,365 INFO org.hibernate.dialect.Dialect [main] HHH000400: Using dialect: org.hibernate.dialect.H2Dialect
2021-03-25 23:25:37,506 INFO org.springframework.orm.jpa.AbstractEntityManagerFactoryBean [main] Initialized JPA EntityManagerFactory for persistence unit 'default'
2021-03-25 23:25:41,643 WARN org.springframework.boot.autoconfigure.orm.jpa.JpaBaseConfiguration$JpaWebConfiguration$JpaWebMvcConfiguration [main] spring.jpa.open-in-view is enabled by default. Therefore, database queries may be performed during view rendering. Explicitly configure spring.jpa.open-in-view to disable this warning
2021-03-25 23:25:42,314 INFO org.springframework.security.web.DefaultSecurityFilterChain [main] Creating filter chain: any request, [org.springframework.security.web.context.request.async.WebAsyncManagerIntegrationFilter@68f264bf, org.springframework.security.web.context.SecurityContextPersistenceFilter@214e3185, org.springframework.security.web.header.HeaderWriterFilter@79636080, org.springframework.web.filter.CorsFilter@77988c45, org.springframework.security.web.authentication.logout.LogoutFilter@6f6a2ac8, com.example.demo.security.JWTAuthenticationFilter@f5f8de2, com.example.demo.security.JWTAuthenticationVerficationFilter@6baee63b, org.springframework.security.web.savedrequest.RequestCacheAwareFilter@36f40d72, org.springframework.security.web.servletapi.SecurityContextHolderAwareRequestFilter@25109d84, org.springframework.security.web.authentication.AnonymousAuthenticationFilter@1002b06d, org.springframework.security.web.session.SessionManagementFilter@4e31b64d, org.springframework.security.web.access.ExceptionTranslationFilter@7d4bdbd8, org.springframework.security.web.access.intercept.FilterSecurityInterceptor@1e288c76]
2021-03-25 23:25:43,033 INFO org.springframework.scheduling.concurrent.ExecutorConfigurationSupport [main] Initializing ExecutorService 'applicationTaskExecutor'
2021-03-25 23:25:43,999 INFO org.apache.juli.logging.DirectJDKLog [main] Starting ProtocolHandler ["http-nio-8080"]
2021-03-25 23:25:44,121 INFO org.springframework.boot.web.embedded.tomcat.TomcatWebServer [main] Tomcat started on port(s): 8080 (http) with context path ''
2021-03-25 23:25:44,163 INFO org.springframework.boot.StartupInfoLogger [main] Started SareetaApplication in 24.619 seconds (JVM running for 27.936)
2021-03-25 23:27:37,703 INFO org.apache.juli.logging.DirectJDKLog [http-nio-8080-exec-1] Initializing Spring DispatcherServlet 'dispatcherServlet'
2021-03-25 23:27:37,706 INFO org.springframework.web.servlet.FrameworkServlet [http-nio-8080-exec-1] Initializing Servlet 'dispatcherServlet'
2021-03-25 23:27:37,732 INFO org.springframework.web.servlet.FrameworkServlet [http-nio-8080-exec-1] Completed initialization in 20 ms
2021-03-25 23:27:38,216 INFO com.example.demo.controllers.UserController [http-nio-8080-exec-1] UserController -> createUser method is called: CreateUserRequest(username=test, password=password, confirmPassword=confirmPassword)
2021-03-25 23:28:01,396 INFO com.example.demo.controllers.UserController [http-nio-8080-exec-4] UserController -> createUser method is called: CreateUserRequest(username=test, password=password, confirmPassword=password)
2021-03-25 23:28:01,592 INFO com.example.demo.controllers.UserController [http-nio-8080-exec-4] UserController -> createUser successful: test
2021-03-25 23:38:31,335 INFO org.springframework.boot.StartupInfoLogger [main] Starting SareetaApplication on CACDTL17JK9142 with PID 26272 (C:\Users\cw457c\Desktop\project4\nd035-c4-Security-and-DevOps\starter_code\target\classes started by cw457c in C:\Users\cw457c\Desktop\project4\nd035-c4-Security-and-DevOps\starter_code)
2021-03-25 23:38:31,357 INFO org.springframework.boot.SpringApplication [main] No active profile set, falling back to default profiles: default
2021-03-25 23:38:34,079 INFO org.springframework.data.repository.config.RepositoryConfigurationDelegate [main] Bootstrapping Spring Data repositories in DEFAULT mode.
2021-03-25 23:38:34,329 INFO org.springframework.data.repository.config.RepositoryConfigurationDelegate [main] Finished Spring Data repository scanning in 223ms. Found 4 repository interfaces.
2021-03-25 23:38:36,235 INFO org.springframework.context.support.PostProcessorRegistrationDelegate$BeanPostProcessorChecker [main] Bean 'org.springframework.transaction.annotation.ProxyTransactionManagementConfiguration' of type [org.springframework.transaction.annotation.ProxyTransactionManagementConfiguration$$EnhancerBySpringCGLIB$$d506341e] is not eligible for getting processed by all BeanPostProcessors (for example: not eligible for auto-proxying)
2021-03-25 23:38:37,407 INFO org.springframework.boot.web.embedded.tomcat.TomcatWebServer [main] Tomcat initialized with port(s): 8080 (http)
2021-03-25 23:38:37,455 INFO org.apache.juli.logging.DirectJDKLog [main] Initializing ProtocolHandler ["http-nio-8080"]
2021-03-25 23:38:37,521 INFO org.apache.juli.logging.DirectJDKLog [main] Starting service [Tomcat]
2021-03-25 23:38:37,522 INFO org.apache.juli.logging.DirectJDKLog [main] Starting Servlet engine: [Apache Tomcat/9.0.19]
2021-03-25 23:38:38,173 INFO org.apache.juli.logging.DirectJDKLog [main] Initializing Spring embedded WebApplicationContext
2021-03-25 23:38:38,174 INFO org.springframework.boot.web.servlet.context.ServletWebServerApplicationContext [main] Root WebApplicationContext: initialization completed in 6633 ms
2021-03-25 23:38:38,969 INFO com.zaxxer.hikari.HikariDataSource [main] HikariPool-1 - Starting...
2021-03-25 23:38:39,786 INFO com.zaxxer.hikari.HikariDataSource [main] HikariPool-1 - Start completed.
2021-03-25 23:38:40,107 INFO org.hibernate.jpa.internal.util.LogHelper [main] HHH000204: Processing PersistenceUnitInfo [
	name: default
	...]
2021-03-25 23:38:40,375 INFO org.hibernate.Version [main] HHH000412: Hibernate Core {5.3.10.Final}
2021-03-25 23:38:40,386 INFO org.hibernate.cfg.Environment [main] HHH000206: hibernate.properties not found
2021-03-25 23:38:40,889 INFO org.hibernate.annotations.common.reflection.java.JavaReflectionManager [main] HCANN000001: Hibernate Commons Annotations {5.0.4.Final}
2021-03-25 23:38:41,723 INFO org.hibernate.dialect.Dialect [main] HHH000400: Using dialect: org.hibernate.dialect.H2Dialect
2021-03-25 23:38:45,478 INFO org.springframework.orm.jpa.AbstractEntityManagerFactoryBean [main] Initialized JPA EntityManagerFactory for persistence unit 'default'
2021-03-25 23:38:48,017 WARN org.springframework.boot.autoconfigure.orm.jpa.JpaBaseConfiguration$JpaWebConfiguration$JpaWebMvcConfiguration [main] spring.jpa.open-in-view is enabled by default. Therefore, database queries may be performed during view rendering. Explicitly configure spring.jpa.open-in-view to disable this warning
2021-03-25 23:38:48,324 INFO org.springframework.security.web.DefaultSecurityFilterChain [main] Creating filter chain: any request, [org.springframework.security.web.context.request.async.WebAsyncManagerIntegrationFilter@374ba492, org.springframework.security.web.context.SecurityContextPersistenceFilter@5df54296, org.springframework.security.web.header.HeaderWriterFilter@4fb99927, org.springframework.web.filter.CorsFilter@581d5b33, org.springframework.security.web.authentication.logout.LogoutFilter@285b491f, com.example.demo.security.JWTAuthenticationFilter@1f365a26, com.example.demo.security.JWTAuthenticationVerficationFilter@44a9971f, org.springframework.security.web.savedrequest.RequestCacheAwareFilter@56a72887, org.springframework.security.web.servletapi.SecurityContextHolderAwareRequestFilter@6c737fdb, org.springframework.security.web.authentication.AnonymousAuthenticationFilter@2e2cd42c, org.springframework.security.web.session.SessionManagementFilter@131b58d4, org.springframework.security.web.access.ExceptionTranslationFilter@4fce3ed7, org.springframework.security.web.access.intercept.FilterSecurityInterceptor@640a6d4b]
2021-03-25 23:38:48,949 INFO org.springframework.scheduling.concurrent.ExecutorConfigurationSupport [main] Initializing ExecutorService 'applicationTaskExecutor'
2021-03-25 23:38:49,634 INFO org.apache.juli.logging.DirectJDKLog [main] Starting ProtocolHandler ["http-nio-8080"]
2021-03-25 23:38:49,934 INFO org.springframework.boot.web.embedded.tomcat.TomcatWebServer [main] Tomcat started on port(s): 8080 (http) with context path ''
2021-03-25 23:38:49,953 INFO org.springframework.boot.StartupInfoLogger [main] Started SareetaApplication in 21.269 seconds (JVM running for 25.297)
2021-03-25 23:39:03,706 INFO org.apache.juli.logging.DirectJDKLog [http-nio-8080-exec-4] Initializing Spring DispatcherServlet 'dispatcherServlet'
2021-03-25 23:39:03,707 INFO org.springframework.web.servlet.FrameworkServlet [http-nio-8080-exec-4] Initializing Servlet 'dispatcherServlet'
2021-03-25 23:39:03,775 INFO org.springframework.web.servlet.FrameworkServlet [http-nio-8080-exec-4] Completed initialization in 67 ms
2021-03-25 23:39:04,264 INFO com.example.demo.controllers.UserController [http-nio-8080-exec-4] UserController -> createUser method is called: CreateUserRequest(username=test, password=password, confirmPassword=password)
2021-03-25 23:39:04,620 INFO com.example.demo.controllers.UserController [http-nio-8080-exec-4] UserController -> createUser successful: test
